

*******************************************************************************
Sat Feb  8 23:08:06 2014


FIT:    data read from DATADIR."/g19_lab05data_plot_random.csv" using 1:2
        #datapoints = 100
        residuals are weighted equally (unit weight)

function used for fitting: f1(x)
fitted parameters initialized with current variable values



 Iteration 0
 WSSR        : 333599            delta(WSSR)/WSSR   : 0
 delta(WSSR) : 0                 limit for stopping : 1e-05
 lambda	  : 41.137

initial set of free parameter values

a               = -1
b               = 0.5

After 5 iterations the fit converged.
final sum of squares of residuals : 0.00326507
rel. change during last iteration : -5.95388e-11

degrees of freedom    (FIT_NDF)                        : 98
rms of residuals      (FIT_STDFIT) = sqrt(WSSR/ndf)    : 0.00577209
variance of residuals (reduced chisquare) = WSSR/ndf   : 3.3317e-05

Final set of parameters            Asymptotic Standard Error
=======================            ==========================

a               = -0.000234587     +/- 2e-05        (8.524%)
b               = 0.0431281        +/- 0.001163     (2.697%)


correlation matrix of the fit parameters:

               a      b      
a               1.000 
b              -0.868  1.000 


*******************************************************************************
Sat Feb  8 23:09:22 2014


FIT:    data read from DATADIR."/g19_lab05data_plot_random.csv" using 1:2
        #datapoints = 100
        residuals are weighted equally (unit weight)

function used for fitting: f1(x)
fitted parameters initialized with current variable values



 Iteration 0
 WSSR        : 333599            delta(WSSR)/WSSR   : 0
 delta(WSSR) : 0                 limit for stopping : 1e-05
 lambda	  : 41.137

initial set of free parameter values

a               = -1
b               = 0.5

After 5 iterations the fit converged.
final sum of squares of residuals : 0.00326507
rel. change during last iteration : -5.95388e-11

degrees of freedom    (FIT_NDF)                        : 98
rms of residuals      (FIT_STDFIT) = sqrt(WSSR/ndf)    : 0.00577209
variance of residuals (reduced chisquare) = WSSR/ndf   : 3.3317e-05

Final set of parameters            Asymptotic Standard Error
=======================            ==========================

a               = -0.000234587     +/- 2e-05        (8.524%)
b               = 0.0431281        +/- 0.001163     (2.697%)


correlation matrix of the fit parameters:

               a      b      
a               1.000 
b              -0.868  1.000 


*******************************************************************************
Sat Feb  8 23:10:27 2014


FIT:    data read from DATADIR."/g19_lab05data_plot_random.csv" using 1:2
        #datapoints = 100
        residuals are weighted equally (unit weight)

function used for fitting: f1(x)
fitted parameters initialized with current variable values



 Iteration 0
 WSSR        : 333599            delta(WSSR)/WSSR   : 0
 delta(WSSR) : 0                 limit for stopping : 1e-05
 lambda	  : 41.137

initial set of free parameter values

a               = -1
b               = 0.5

After 5 iterations the fit converged.
final sum of squares of residuals : 0.00326507
rel. change during last iteration : -5.95388e-11

degrees of freedom    (FIT_NDF)                        : 98
rms of residuals      (FIT_STDFIT) = sqrt(WSSR/ndf)    : 0.00577209
variance of residuals (reduced chisquare) = WSSR/ndf   : 3.3317e-05

Final set of parameters            Asymptotic Standard Error
=======================            ==========================

a               = -0.000234587     +/- 2e-05        (8.524%)
b               = 0.0431281        +/- 0.001163     (2.697%)


correlation matrix of the fit parameters:

               a      b      
a               1.000 
b              -0.868  1.000 


*******************************************************************************
Sat Feb  8 23:10:38 2014


FIT:    data read from DATADIR."/g19_lab05data_plot_random.csv" using 1:2
        #datapoints = 100
        residuals are weighted equally (unit weight)

function used for fitting: f1(x)
fitted parameters initialized with current variable values



 Iteration 0
 WSSR        : 333599            delta(WSSR)/WSSR   : 0
 delta(WSSR) : 0                 limit for stopping : 1e-05
 lambda	  : 41.137

initial set of free parameter values

a               = -1
b               = 0.5

After 5 iterations the fit converged.
final sum of squares of residuals : 0.00326507
rel. change during last iteration : -5.95388e-11

degrees of freedom    (FIT_NDF)                        : 98
rms of residuals      (FIT_STDFIT) = sqrt(WSSR/ndf)    : 0.00577209
variance of residuals (reduced chisquare) = WSSR/ndf   : 3.3317e-05

Final set of parameters            Asymptotic Standard Error
=======================            ==========================

a               = -0.000234587     +/- 2e-05        (8.524%)
b               = 0.0431281        +/- 0.001163     (2.697%)


correlation matrix of the fit parameters:

               a      b      
a               1.000 
b              -0.868  1.000 


*******************************************************************************
Sat Feb  8 23:11:04 2014


FIT:    data read from DATADIR."/g19_lab05data_plot_random.csv" using 1:2
        #datapoints = 100
        residuals are weighted equally (unit weight)

function used for fitting: f1(x)
fitted parameters initialized with current variable values



 Iteration 0
 WSSR        : 333599            delta(WSSR)/WSSR   : 0
 delta(WSSR) : 0                 limit for stopping : 1e-05
 lambda	  : 41.137

initial set of free parameter values

a               = -1
b               = 0.5

After 5 iterations the fit converged.
final sum of squares of residuals : 0.00326507
rel. change during last iteration : -5.95388e-11

degrees of freedom    (FIT_NDF)                        : 98
rms of residuals      (FIT_STDFIT) = sqrt(WSSR/ndf)    : 0.00577209
variance of residuals (reduced chisquare) = WSSR/ndf   : 3.3317e-05

Final set of parameters            Asymptotic Standard Error
=======================            ==========================

a               = -0.000234587     +/- 2e-05        (8.524%)
b               = 0.0431281        +/- 0.001163     (2.697%)


correlation matrix of the fit parameters:

               a      b      
a               1.000 
b              -0.868  1.000 


*******************************************************************************
Sat Feb  8 23:11:10 2014


FIT:    data read from DATADIR."/g19_lab05data_plot_random.csv" using 1:2
        #datapoints = 100
        residuals are weighted equally (unit weight)

function used for fitting: f1(x)
fitted parameters initialized with current variable values



 Iteration 0
 WSSR        : 333599            delta(WSSR)/WSSR   : 0
 delta(WSSR) : 0                 limit for stopping : 1e-05
 lambda	  : 41.137

initial set of free parameter values

a               = -1
b               = 0.5

After 5 iterations the fit converged.
final sum of squares of residuals : 0.00326507
rel. change during last iteration : -5.95388e-11

degrees of freedom    (FIT_NDF)                        : 98
rms of residuals      (FIT_STDFIT) = sqrt(WSSR/ndf)    : 0.00577209
variance of residuals (reduced chisquare) = WSSR/ndf   : 3.3317e-05

Final set of parameters            Asymptotic Standard Error
=======================            ==========================

a               = -0.000234587     +/- 2e-05        (8.524%)
b               = 0.0431281        +/- 0.001163     (2.697%)


correlation matrix of the fit parameters:

               a      b      
a               1.000 
b              -0.868  1.000 


*******************************************************************************
Sat Feb  8 23:24:49 2014


FIT:    data read from DATADIR."/g19_lab05data_plot_random.csv" using 1:2
        #datapoints = 100
        residuals are weighted equally (unit weight)

function used for fitting: f1(x)
fitted parameters initialized with current variable values



 Iteration 0
 WSSR        : 333599            delta(WSSR)/WSSR   : 0
 delta(WSSR) : 0                 limit for stopping : 1e-05
 lambda	  : 41.137

initial set of free parameter values

a               = -1
b               = 0.5

After 5 iterations the fit converged.
final sum of squares of residuals : 0.00326507
rel. change during last iteration : -5.95388e-11

degrees of freedom    (FIT_NDF)                        : 98
rms of residuals      (FIT_STDFIT) = sqrt(WSSR/ndf)    : 0.00577209
variance of residuals (reduced chisquare) = WSSR/ndf   : 3.3317e-05

Final set of parameters            Asymptotic Standard Error
=======================            ==========================

a               = -0.000234587     +/- 2e-05        (8.524%)
b               = 0.0431281        +/- 0.001163     (2.697%)


correlation matrix of the fit parameters:

               a      b      
a               1.000 
b              -0.868  1.000 


*******************************************************************************
Sat Feb  8 23:24:49 2014


FIT:    data read from DATADIR."/g19_lab05data_plot_02.csv" using 1:2
        #datapoints = 100
        residuals are weighted equally (unit weight)

function used for fitting: f2(x)
fitted parameters initialized with current variable values



 Iteration 0
 WSSR        : 336072            delta(WSSR)/WSSR   : 0
 delta(WSSR) : 0                 limit for stopping : 1e-05
 lambda	  : 41.137

initial set of free parameter values

a1              = -1
b1              = 0.5

After 4 iterations the fit converged.
final sum of squares of residuals : 0.222959
rel. change during last iteration : -7.03752e-06

degrees of freedom    (FIT_NDF)                        : 98
rms of residuals      (FIT_STDFIT) = sqrt(WSSR/ndf)    : 0.047698
variance of residuals (reduced chisquare) = WSSR/ndf   : 0.0022751

Final set of parameters            Asymptotic Standard Error
=======================            ==========================

a1              = -0.00221978      +/- 0.0001652    (7.444%)
b1              = 0.422773         +/- 0.009612     (2.273%)


correlation matrix of the fit parameters:

               a1     b1     
a1              1.000 
b1             -0.868  1.000 


*******************************************************************************
Sat Feb  8 23:28:57 2014


FIT:    data read from DATADIR."/g19_lab05data_plot_random.csv" using 1:2
        #datapoints = 100
        residuals are weighted equally (unit weight)

function used for fitting: f1(x)
fitted parameters initialized with current variable values



 Iteration 0
 WSSR        : 336073            delta(WSSR)/WSSR   : 0
 delta(WSSR) : 0                 limit for stopping : 1e-05
 lambda	  : 41.137

initial set of free parameter values

a               = -1
b               = 0.5

After 4 iterations the fit converged.
final sum of squares of residuals : 0.326507
rel. change during last iteration : -3.9588e-06

degrees of freedom    (FIT_NDF)                        : 98
rms of residuals      (FIT_STDFIT) = sqrt(WSSR/ndf)    : 0.0577209
variance of residuals (reduced chisquare) = WSSR/ndf   : 0.0033317

Final set of parameters            Asymptotic Standard Error
=======================            ==========================

a               = -0.00234587      +/- 0.0002       (8.524%)
b               = 0.431281         +/- 0.01163      (2.697%)


correlation matrix of the fit parameters:

               a      b      
a               1.000 
b              -0.868  1.000 


*******************************************************************************
Sat Feb  8 23:28:57 2014


FIT:    data read from DATADIR."/g19_lab05data_plot_02.csv" using 1:2
        #datapoints = 100
        residuals are weighted equally (unit weight)

function used for fitting: f2(x)
fitted parameters initialized with current variable values



 Iteration 0
 WSSR        : 336072            delta(WSSR)/WSSR   : 0
 delta(WSSR) : 0                 limit for stopping : 1e-05
 lambda	  : 41.137

initial set of free parameter values

a1              = -1
b1              = 0.5

After 4 iterations the fit converged.
final sum of squares of residuals : 0.222959
rel. change during last iteration : -7.03752e-06

degrees of freedom    (FIT_NDF)                        : 98
rms of residuals      (FIT_STDFIT) = sqrt(WSSR/ndf)    : 0.047698
variance of residuals (reduced chisquare) = WSSR/ndf   : 0.0022751

Final set of parameters            Asymptotic Standard Error
=======================            ==========================

a1              = -0.00221978      +/- 0.0001652    (7.444%)
b1              = 0.422773         +/- 0.009612     (2.273%)


correlation matrix of the fit parameters:

               a1     b1     
a1              1.000 
b1             -0.868  1.000 


*******************************************************************************
Sat Feb  8 23:44:32 2014


FIT:    data read from DATADIR."/g19_lab05data_plot_random.csv" using 1:2
        #datapoints = 100
        residuals are weighted equally (unit weight)

function used for fitting: f1(x)
fitted parameters initialized with current variable values



 Iteration 0
 WSSR        : 336073            delta(WSSR)/WSSR   : 0
 delta(WSSR) : 0                 limit for stopping : 1e-05
 lambda	  : 41.137

initial set of free parameter values

a               = -1
b               = 0.5

After 4 iterations the fit converged.
final sum of squares of residuals : 0.326507
rel. change during last iteration : -3.9588e-06

degrees of freedom    (FIT_NDF)                        : 98
rms of residuals      (FIT_STDFIT) = sqrt(WSSR/ndf)    : 0.0577209
variance of residuals (reduced chisquare) = WSSR/ndf   : 0.0033317

Final set of parameters            Asymptotic Standard Error
=======================            ==========================

a               = -0.00234587      +/- 0.0002       (8.524%)
b               = 0.431281         +/- 0.01163      (2.697%)


correlation matrix of the fit parameters:

               a      b      
a               1.000 
b              -0.868  1.000 


*******************************************************************************
Sat Feb  8 23:44:32 2014


FIT:    data read from DATADIR."/g19_lab05data_plot_02.csv" using 1:2
        #datapoints = 100
        residuals are weighted equally (unit weight)

function used for fitting: f2(x)
fitted parameters initialized with current variable values



 Iteration 0
 WSSR        : 336072            delta(WSSR)/WSSR   : 0
 delta(WSSR) : 0                 limit for stopping : 1e-05
 lambda	  : 41.137

initial set of free parameter values

a1              = -1
b1              = 0.5

After 4 iterations the fit converged.
final sum of squares of residuals : 0.222959
rel. change during last iteration : -7.03752e-06

degrees of freedom    (FIT_NDF)                        : 98
rms of residuals      (FIT_STDFIT) = sqrt(WSSR/ndf)    : 0.047698
variance of residuals (reduced chisquare) = WSSR/ndf   : 0.0022751

Final set of parameters            Asymptotic Standard Error
=======================            ==========================

a1              = -0.00221978      +/- 0.0001652    (7.444%)
b1              = 0.422773         +/- 0.009612     (2.273%)


correlation matrix of the fit parameters:

               a1     b1     
a1              1.000 
b1             -0.868  1.000 
